{"name":"Log","hostname":"Kobys-MacBook-Pro.local","pid":39357,"level":30,"msg":"Creating table: posts","time":"2020-10-15T21:02:02.176Z","v":0}
{"name":"Log","hostname":"Kobys-MacBook-Pro.local","pid":39357,"level":30,"msg":"Creating table: posts_meta","time":"2020-10-15T21:02:02.180Z","v":0}
{"name":"Log","hostname":"Kobys-MacBook-Pro.local","pid":39357,"level":30,"msg":"Creating table: users","time":"2020-10-15T21:02:02.183Z","v":0}
{"name":"Log","hostname":"Kobys-MacBook-Pro.local","pid":39357,"level":30,"msg":"Creating table: posts_authors","time":"2020-10-15T21:02:02.187Z","v":0}
{"name":"Log","hostname":"Kobys-MacBook-Pro.local","pid":39357,"level":30,"msg":"Creating table: roles","time":"2020-10-15T21:02:02.189Z","v":0}
{"name":"Log","hostname":"Kobys-MacBook-Pro.local","pid":39357,"level":30,"msg":"Creating table: roles_users","time":"2020-10-15T21:02:02.194Z","v":0}
{"name":"Log","hostname":"Kobys-MacBook-Pro.local","pid":39357,"level":30,"msg":"Creating table: permissions","time":"2020-10-15T21:02:02.198Z","v":0}
{"name":"Log","hostname":"Kobys-MacBook-Pro.local","pid":39357,"level":30,"msg":"Creating table: permissions_users","time":"2020-10-15T21:02:02.202Z","v":0}
{"name":"Log","hostname":"Kobys-MacBook-Pro.local","pid":39357,"level":30,"msg":"Creating table: permissions_roles","time":"2020-10-15T21:02:02.203Z","v":0}
{"name":"Log","hostname":"Kobys-MacBook-Pro.local","pid":39357,"level":30,"msg":"Creating table: permissions_apps","time":"2020-10-15T21:02:02.205Z","v":0}
{"name":"Log","hostname":"Kobys-MacBook-Pro.local","pid":39357,"level":30,"msg":"Creating table: settings","time":"2020-10-15T21:02:02.207Z","v":0}
{"name":"Log","hostname":"Kobys-MacBook-Pro.local","pid":39357,"level":30,"msg":"Creating table: tags","time":"2020-10-15T21:02:02.210Z","v":0}
{"name":"Log","hostname":"Kobys-MacBook-Pro.local","pid":39357,"level":30,"msg":"Creating table: posts_tags","time":"2020-10-15T21:02:02.215Z","v":0}
{"name":"Log","hostname":"Kobys-MacBook-Pro.local","pid":39357,"level":30,"msg":"Creating table: apps","time":"2020-10-15T21:02:02.217Z","v":0}
{"name":"Log","hostname":"Kobys-MacBook-Pro.local","pid":39357,"level":30,"msg":"Creating table: app_settings","time":"2020-10-15T21:02:02.221Z","v":0}
{"name":"Log","hostname":"Kobys-MacBook-Pro.local","pid":39357,"level":30,"msg":"Creating table: app_fields","time":"2020-10-15T21:02:02.223Z","v":0}
{"name":"Log","hostname":"Kobys-MacBook-Pro.local","pid":39357,"level":30,"msg":"Creating table: invites","time":"2020-10-15T21:02:02.225Z","v":0}
{"name":"Log","hostname":"Kobys-MacBook-Pro.local","pid":39357,"level":30,"msg":"Creating table: brute","time":"2020-10-15T21:02:02.229Z","v":0}
{"name":"Log","hostname":"Kobys-MacBook-Pro.local","pid":39357,"level":30,"msg":"Creating table: webhooks","time":"2020-10-15T21:02:02.232Z","v":0}
{"name":"Log","hostname":"Kobys-MacBook-Pro.local","pid":39357,"level":30,"msg":"Creating table: sessions","time":"2020-10-15T21:02:02.236Z","v":0}
{"name":"Log","hostname":"Kobys-MacBook-Pro.local","pid":39357,"level":30,"msg":"Creating table: integrations","time":"2020-10-15T21:02:02.241Z","v":0}
{"name":"Log","hostname":"Kobys-MacBook-Pro.local","pid":39357,"level":30,"msg":"Creating table: api_keys","time":"2020-10-15T21:02:02.246Z","v":0}
{"name":"Log","hostname":"Kobys-MacBook-Pro.local","pid":39357,"level":30,"msg":"Creating table: mobiledoc_revisions","time":"2020-10-15T21:02:02.253Z","v":0}
{"name":"Log","hostname":"Kobys-MacBook-Pro.local","pid":39357,"level":30,"msg":"Creating table: members","time":"2020-10-15T21:02:02.256Z","v":0}
{"name":"Log","hostname":"Kobys-MacBook-Pro.local","pid":39357,"level":30,"msg":"Creating table: labels","time":"2020-10-15T21:02:02.263Z","v":0}
{"name":"Log","hostname":"Kobys-MacBook-Pro.local","pid":39357,"level":30,"msg":"Creating table: members_labels","time":"2020-10-15T21:02:02.268Z","v":0}
{"name":"Log","hostname":"Kobys-MacBook-Pro.local","pid":39357,"level":30,"msg":"Creating table: members_stripe_customers","time":"2020-10-15T21:02:02.270Z","v":0}
{"name":"Log","hostname":"Kobys-MacBook-Pro.local","pid":39357,"level":30,"msg":"Creating table: members_stripe_customers_subscriptions","time":"2020-10-15T21:02:02.273Z","v":0}
{"name":"Log","hostname":"Kobys-MacBook-Pro.local","pid":39357,"level":30,"msg":"Creating table: actions","time":"2020-10-15T21:02:02.276Z","v":0}
{"name":"Log","hostname":"Kobys-MacBook-Pro.local","pid":39357,"level":30,"msg":"Creating table: emails","time":"2020-10-15T21:02:02.278Z","v":0}
{"name":"Log","hostname":"Kobys-MacBook-Pro.local","pid":39357,"level":30,"msg":"Creating table: email_batches","time":"2020-10-15T21:02:02.281Z","v":0}
{"name":"Log","hostname":"Kobys-MacBook-Pro.local","pid":39357,"level":30,"msg":"Creating table: email_recipients","time":"2020-10-15T21:02:02.283Z","v":0}
{"name":"Log","hostname":"Kobys-MacBook-Pro.local","pid":39357,"level":30,"msg":"Creating table: tokens","time":"2020-10-15T21:02:02.286Z","v":0}
{"name":"Log","hostname":"Kobys-MacBook-Pro.local","pid":39357,"level":30,"msg":"Model: Tag","time":"2020-10-15T21:02:02.292Z","v":0}
{"name":"Log","hostname":"Kobys-MacBook-Pro.local","pid":39357,"level":30,"msg":"Model: Role","time":"2020-10-15T21:02:02.312Z","v":0}
{"name":"Log","hostname":"Kobys-MacBook-Pro.local","pid":39357,"level":30,"msg":"Model: Permission","time":"2020-10-15T21:02:02.329Z","v":0}
{"name":"Log","hostname":"Kobys-MacBook-Pro.local","pid":39357,"level":30,"msg":"Model: User","time":"2020-10-15T21:02:02.504Z","v":0}
{"name":"Log","hostname":"Kobys-MacBook-Pro.local","pid":39357,"level":30,"msg":"Model: Post","time":"2020-10-15T21:02:02.868Z","v":0}
{"name":"Log","hostname":"Kobys-MacBook-Pro.local","pid":39357,"level":30,"msg":"Model: Integration","time":"2020-10-15T21:02:03.034Z","v":0}
{"name":"Log","hostname":"Kobys-MacBook-Pro.local","pid":39357,"level":30,"msg":"Relation: Role to Permission","time":"2020-10-15T21:02:03.053Z","v":0}
{"name":"Log","hostname":"Kobys-MacBook-Pro.local","pid":39357,"level":30,"msg":"Relation: Post to Tag","time":"2020-10-15T21:02:03.228Z","v":0}
{"name":"Log","hostname":"Kobys-MacBook-Pro.local","pid":39357,"level":30,"msg":"Relation: User to Role","time":"2020-10-15T21:02:03.248Z","v":0}
{"name":"Log","hostname":"Kobys-MacBook-Pro.local","pid":39357,"level":30,"msg":"Ghost is running in development...","time":"2020-10-15T21:02:05.543Z","v":0}
{"name":"Log","hostname":"Kobys-MacBook-Pro.local","pid":39357,"level":30,"msg":"Listening on: 127.0.0.1:2368","time":"2020-10-15T21:02:05.543Z","v":0}
{"name":"Log","hostname":"Kobys-MacBook-Pro.local","pid":39357,"level":30,"msg":"Url configured as: http://localhost:2368/","time":"2020-10-15T21:02:05.544Z","v":0}
{"name":"Log","hostname":"Kobys-MacBook-Pro.local","pid":39357,"level":30,"msg":"Ctrl+C to shut down","time":"2020-10-15T21:02:05.544Z","v":0}
{"name":"Log","hostname":"Kobys-MacBook-Pro.local","pid":39357,"level":30,"msg":"Ghost boot 5.452s","time":"2020-10-15T21:02:05.546Z","v":0}
{"name":"Log","hostname":"Kobys-MacBook-Pro.local","pid":39357,"level":30,"req":{"meta":{"requestId":"d0428124-fa06-474c-b04b-c5c28847823f","userId":null},"url":"/","method":"GET","originalUrl":"/ghost/","params":{"0":"/"},"headers":{"host":"localhost:2368","connection":"keep-alive","upgrade-insecure-requests":"1","user-agent":"Mozilla/5.0 (Macintosh; Intel Mac OS X 10_14_6) AppleWebKit/537.36 (KHTML, like Gecko) Chrome/85.0.4183.121 Safari/537.36","accept":"text/html,application/xhtml+xml,application/xml;q=0.9,image/avif,image/webp,image/apng,*/*;q=0.8,application/signed-exchange;v=b3;q=0.9","sec-fetch-site":"none","sec-fetch-mode":"navigate","sec-fetch-user":"?1","sec-fetch-dest":"document","accept-encoding":"gzip, deflate, br","accept-language":"en-US,en;q=0.9","cookie":"**REDACTED**"},"query":{}},"res":{"_headers":{"x-powered-by":"Express","cache-control":"no-cache, private, no-store, must-revalidate, max-stale=0, post-check=0, pre-check=0","x-frame-options":"sameorigin","accept-ranges":"bytes","last-modified":"Sat, 26 Oct 1985 08:15:00 GMT","etag":"W/\"db8-7438674ba0\"","content-type":"text/html; charset=UTF-8","vary":"Accept-Encoding","content-encoding":"gzip"},"statusCode":200,"responseTime":"152ms"},"msg":"","time":"2020-10-15T21:02:07.777Z","v":0}
{"name":"Log","hostname":"Kobys-MacBook-Pro.local","pid":39357,"level":50,"req":{"meta":{"requestId":"3d3966df-8b00-4ff8-bddb-baf10b519d53","userId":null},"url":"/users/me/?include=roles","method":"GET","originalUrl":"/ghost/api/v3/admin/users/me/?include=roles","params":{},"headers":{"host":"localhost:2368","connection":"keep-alive","accept":"application/json, text/javascript, */*; q=0.01","x-requested-with":"XMLHttpRequest","x-ghost-version":"3.35","app-pragma":"no-cache","user-agent":"Mozilla/5.0 (Macintosh; Intel Mac OS X 10_14_6) AppleWebKit/537.36 (KHTML, like Gecko) Chrome/85.0.4183.121 Safari/537.36","content-type":"application/json; charset=UTF-8","sec-fetch-site":"same-origin","sec-fetch-mode":"cors","sec-fetch-dest":"empty","referer":"http://localhost:2368/ghost/","accept-encoding":"gzip, deflate, br","accept-language":"en-US,en;q=0.9","cookie":"**REDACTED**"},"query":{"include":"roles"}},"res":{"_headers":{"x-powered-by":"Express","cache-control":"no-cache, private, no-store, must-revalidate, max-stale=0, post-check=0, pre-check=0","content-type":"application/json; charset=utf-8","content-length":"321","etag":"W/\"141-S2qB2hukQgRRIntpwQwP5wZzATs\"","vary":"Accept-Encoding"},"statusCode":403,"responseTime":"12ms"},"err":{"id":"afc15190-0f29-11eb-b403-fdcca4b6c2ee","domain":"http://localhost:2368/","code":null,"name":"NoPermissionError","statusCode":403,"level":"normal","message":"Authorization failed","context":"\"Unable to determine the authenticated user or integration. Check that cookies are being passed through if using session authentication.\"","stack":"NoPermissionError: Authorization failed\n    at new NoPermissionError (/Users/kobyconrad/dev/src/github.com/kobyconrad/superlume-master/rs-blog/versions/3.35.5/node_modules/ghost-ignition/lib/errors/index.js:134:23)\n    at authorizeAdminApi (/Users/kobyconrad/dev/src/github.com/kobyconrad/superlume-master/rs-blog/versions/3.35.5/core/server/services/auth/authorize.js:28:25)\n    at Layer.handle [as handle_request] (/Users/kobyconrad/dev/src/github.com/kobyconrad/superlume-master/rs-blog/versions/3.35.5/node_modules/express/lib/router/layer.js:95:5)\n    at next (/Users/kobyconrad/dev/src/github.com/kobyconrad/superlume-master/rs-blog/versions/3.35.5/node_modules/express/lib/router/route.js:137:13)\n    at authenticate (/Users/kobyconrad/dev/src/github.com/kobyconrad/superlume-master/rs-blog/versions/3.35.5/core/server/services/auth/session/middleware.js:24:13)"},"msg":"Authorization failed","time":"2020-10-15T21:02:08.176Z","v":0}
{"name":"Log","hostname":"Kobys-MacBook-Pro.local","pid":39357,"level":30,"req":{"meta":{"requestId":"8a92f276-5369-4aa0-ba6c-df6b333fbe40","userId":null},"url":"/robots.txt","method":"GET","originalUrl":"/robots.txt","params":{},"headers":{"host":"localhost:2368","connection":"keep-alive","pragma":"no-cache","cache-control":"no-cache","user-agent":"Mozilla/5.0 (Macintosh; Intel Mac OS X 10_14_6) AppleWebKit/537.36 (KHTML, like Gecko) Chrome/85.0.4183.121 Safari/537.36","accept":"*/*","sec-fetch-site":"none","sec-fetch-mode":"cors","sec-fetch-dest":"empty","accept-encoding":"gzip, deflate, br","accept-language":"en-US,en;q=0.9","cookie":"**REDACTED**"},"query":{}},"res":{"_headers":{"x-powered-by":"Express","content-type":"text/plain","content-length":89,"etag":"\"7fcfd7944a4cd7e07ccc3f36f1b91217\"","cache-control":"public, max-age=3600","vary":"Accept-Encoding"},"statusCode":200,"responseTime":"18ms"},"msg":"","time":"2020-10-15T21:02:08.196Z","v":0}
{"name":"Log","hostname":"Kobys-MacBook-Pro.local","pid":39357,"level":30,"req":{"meta":{"requestId":"cc02b6ff-cddf-4ca2-a17c-cf593bf9d46b","userId":null},"url":"/site/","method":"GET","originalUrl":"/ghost/api/v3/admin/site/","params":{},"headers":{"host":"localhost:2368","connection":"keep-alive","accept":"application/json, text/javascript, */*; q=0.01","x-requested-with":"XMLHttpRequest","x-ghost-version":"3.35","app-pragma":"no-cache","user-agent":"Mozilla/5.0 (Macintosh; Intel Mac OS X 10_14_6) AppleWebKit/537.36 (KHTML, like Gecko) Chrome/85.0.4183.121 Safari/537.36","content-type":"application/json; charset=UTF-8","sec-fetch-site":"same-origin","sec-fetch-mode":"cors","sec-fetch-dest":"empty","referer":"http://localhost:2368/ghost/","accept-encoding":"gzip, deflate, br","accept-language":"en-US,en;q=0.9","cookie":"**REDACTED**"},"query":{}},"res":{"_headers":{"x-powered-by":"Express","cache-control":"no-cache, private, no-store, must-revalidate, max-stale=0, post-check=0, pre-check=0","content-type":"application/json; charset=utf-8","content-length":"190","etag":"W/\"be-jNUgyKA50TTwd9rozLWLyxIIgJg\"","vary":"Accept-Encoding"},"statusCode":200,"responseTime":"9ms"},"msg":"","time":"2020-10-15T21:02:08.326Z","v":0}
{"name":"Log","hostname":"Kobys-MacBook-Pro.local","pid":39357,"level":30,"req":{"meta":{"requestId":"24aab46d-dec3-4166-8401-e1a33b36c36f","userId":null},"url":"/authentication/setup/","method":"GET","originalUrl":"/ghost/api/v3/admin/authentication/setup/","params":{},"headers":{"host":"localhost:2368","connection":"keep-alive","accept":"application/json, text/javascript, */*; q=0.01","x-requested-with":"XMLHttpRequest","x-ghost-version":"3.35","app-pragma":"no-cache","user-agent":"Mozilla/5.0 (Macintosh; Intel Mac OS X 10_14_6) AppleWebKit/537.36 (KHTML, like Gecko) Chrome/85.0.4183.121 Safari/537.36","content-type":"application/json; charset=UTF-8","sec-fetch-site":"same-origin","sec-fetch-mode":"cors","sec-fetch-dest":"empty","referer":"http://localhost:2368/ghost/","accept-encoding":"gzip, deflate, br","accept-language":"en-US,en;q=0.9","cookie":"**REDACTED**"},"query":{}},"res":{"_headers":{"x-powered-by":"Express","cache-control":"no-cache, private, no-store, must-revalidate, max-stale=0, post-check=0, pre-check=0","content-type":"application/json; charset=utf-8","content-length":"28","etag":"W/\"1c-sQKS0vX9z/0iYRVKKjytkkIupoI\"","vary":"Accept-Encoding"},"statusCode":200,"responseTime":"10ms"},"msg":"","time":"2020-10-15T21:02:08.353Z","v":0}
{"name":"Log","hostname":"Kobys-MacBook-Pro.local","pid":39357,"level":30,"req":{"meta":{"requestId":"19dd9105-4d36-4cff-b1bf-cef431d91637","userId":null},"url":"/authentication/setup/","method":"GET","originalUrl":"/ghost/api/v3/admin/authentication/setup/","params":{},"headers":{"host":"localhost:2368","connection":"keep-alive","accept":"application/json, text/javascript, */*; q=0.01","x-requested-with":"XMLHttpRequest","x-ghost-version":"3.35","app-pragma":"no-cache","user-agent":"Mozilla/5.0 (Macintosh; Intel Mac OS X 10_14_6) AppleWebKit/537.36 (KHTML, like Gecko) Chrome/85.0.4183.121 Safari/537.36","content-type":"application/json; charset=UTF-8","sec-fetch-site":"same-origin","sec-fetch-mode":"cors","sec-fetch-dest":"empty","referer":"http://localhost:2368/ghost/","accept-encoding":"gzip, deflate, br","accept-language":"en-US,en;q=0.9","cookie":"**REDACTED**"},"query":{}},"res":{"_headers":{"x-powered-by":"Express","cache-control":"no-cache, private, no-store, must-revalidate, max-stale=0, post-check=0, pre-check=0","content-type":"application/json; charset=utf-8","content-length":"28","etag":"W/\"1c-sQKS0vX9z/0iYRVKKjytkkIupoI\"","vary":"Accept-Encoding"},"statusCode":200,"responseTime":"4ms"},"msg":"","time":"2020-10-15T21:02:08.385Z","v":0}
